2024-07-11 04:29:43 Loading main app package /usr/lib/obsidian/obsidian.asar
2024-07-11 04:29:43 Checking for update using Github
2024-07-11 04:29:43 Success.
2024-07-11 04:29:43 Latest version is 1.6.5
2024-07-11 04:29:43 App is up to date.
2024-07-11 06:30:09 Checking for update using Github
2024-07-11 06:30:15 Success.
2024-07-11 06:30:15 Latest version is 1.6.5
2024-07-11 06:30:15 App is up to date.
2024-07-11 06:58:40 Loading main app package /usr/lib/obsidian/obsidian.asar
2024-07-11 06:58:40 Checking for update using Github
2024-07-11 06:58:41 Success.
2024-07-11 06:58:41 Latest version is 1.6.5
2024-07-11 06:58:41 App is up to date.
2024-07-11 11:48:08 Checking for update using Github
2024-07-11 11:48:08 Success.
2024-07-11 11:48:08 Latest version is 1.6.5
2024-07-11 11:48:08 App is up to date.
2024-07-11 11:48:25 Checking for update using Github
2024-07-11 11:48:25 Success.
2024-07-11 11:48:25 Latest version is 1.6.5
2024-07-11 11:48:25 App is up to date.
2024-07-11 12:02:19 Loading main app package /usr/lib/obsidian/obsidian.asar
2024-07-11 12:02:19 Checking for update using Github
2024-07-11 12:02:19 Success.
2024-07-11 12:02:19 Latest version is 1.6.5
2024-07-11 12:02:19 App is up to date.
2024-07-11 12:10:56 Loading main app package /usr/lib/obsidian/obsidian.asar
2024-07-11 12:10:56 Checking for update using Github
2024-07-11 12:10:57 Success.
2024-07-11 12:10:57 Latest version is 1.6.5
2024-07-11 12:10:57 App is up to date.
2024-07-11 12:15:20 Loading main app package /usr/lib/obsidian/obsidian.asar
2024-07-11 12:15:21 Checking for update using Github
2024-07-11 12:15:21 Success.
2024-07-11 12:15:21 Latest version is 1.6.5
2024-07-11 12:15:21 App is up to date.
2024-07-11 12:17:03 Loading main app package /usr/lib/obsidian/obsidian.asar
2024-07-11 12:17:04 Checking for update using Github
2024-07-11 12:17:04 Success.
2024-07-11 12:17:04 Latest version is 1.6.5
2024-07-11 12:17:04 App is up to date.
2024-07-11 12:19:22 Loading main app package /usr/lib/obsidian/obsidian.asar
2024-07-11 12:19:50 Loading main app package /usr/lib/obsidian/obsidian.asar
2024-07-11 12:20:01 Loading main app package /usr/lib/obsidian/obsidian.asar
2024-07-11 12:20:15 Loading main app package /usr/lib/obsidian/obsidian.asar
2024-07-11 12:22:49 Loading main app package /usr/lib/obsidian/obsidian.asar
2024-07-11 12:22:50 Checking for update using Github
2024-07-11 12:22:50 Success.
2024-07-11 12:22:50 Latest version is 1.6.5
2024-07-11 12:22:50 App is up to date.
2024-07-11 12:23:54 Loading main app package /usr/lib/obsidian/obsidian.asar
2024-07-11 12:23:54 Checking for update using Github
2024-07-11 12:23:54 Success.
2024-07-11 12:23:54 Latest version is 1.6.5
2024-07-11 12:23:54 App is up to date.
2024-07-11 12:31:20 Loading main app package /usr/lib/obsidian/obsidian.asar
2024-07-11 12:31:21 Checking for update using Github
2024-07-11 12:31:21 Success.
2024-07-11 12:31:21 Latest version is 1.6.5
2024-07-11 12:31:21 App is up to date.
2024-07-11 13:01:53 Loading main app package /usr/lib/obsidian/obsidian.asar
2024-07-11 13:01:53 Checking for update using Github
2024-07-11 13:01:54 Success.
2024-07-11 13:01:54 Latest version is 1.6.5
2024-07-11 13:01:54 App is up to date.
2024-07-11 13:16:09 Loading main app package /usr/lib/obsidian/obsidian.asar
2024-07-11 13:16:09 Checking for update using Github
2024-07-11 13:16:10 Success.
2024-07-11 13:16:10 Latest version is 1.6.5
2024-07-11 13:16:10 App is up to date.
2024-07-11 14:22:20 Loading main app package /usr/lib/obsidian/obsidian.asar
2024-07-11 14:22:20 Checking for update using Github
2024-07-11 14:22:21 Success.
2024-07-11 14:22:21 Latest version is 1.6.5
2024-07-11 14:22:21 App is up to date.
2024-07-11 15:22:20 Checking for update using Github
2024-07-11 15:22:21 Success.
2024-07-11 15:22:21 Latest version is 1.6.5
2024-07-11 15:22:21 App is up to date.
2024-07-11 16:22:20 Checking for update using Github
2024-07-11 16:22:20 Success.
2024-07-11 16:22:20 Latest version is 1.6.5
2024-07-11 16:22:20 App is up to date.
2024-07-11 23:42:01 Loading main app package /usr/lib/obsidian/obsidian.asar
2024-07-11 23:42:01 Checking for update using Github
2024-07-11 23:42:02 Success.
2024-07-11 23:42:02 Latest version is 1.6.5
2024-07-11 23:42:02 App is up to date.
2024-07-11 23:52:01 Loading main app package /usr/lib/obsidian/obsidian.asar
2024-07-11 23:52:01 Checking for update using Github
2024-07-11 23:52:02 Success.
2024-07-11 23:52:02 Latest version is 1.6.5
2024-07-11 23:52:02 App is up to date.
2024-07-12 00:52:01 Checking for update using Github
2024-07-12 00:52:01 Success.
2024-07-12 00:52:01 Latest version is 1.6.5
2024-07-12 00:52:01 App is up to date.
2024-07-12 01:52:01 Checking for update using Github
2024-07-12 01:52:01 Success.
2024-07-12 01:52:01 Latest version is 1.6.5
2024-07-12 01:52:01 App is up to date.
2024-07-12 06:23:35 Checking for update using Github
2024-07-12 06:23:35 Success.
2024-07-12 06:23:35 Latest version is 1.6.5
2024-07-12 06:23:35 App is up to date.
2024-07-12 09:03:48 Loading main app package /usr/lib/obsidian/obsidian.asar
2024-07-12 09:03:49 Checking for update using Github
2024-07-12 09:03:49 Success.
2024-07-12 09:03:49 Latest version is 1.6.5
2024-07-12 09:03:49 App is up to date.
2024-07-12 10:03:48 Checking for update using Github
2024-07-12 10:03:48 Success.
2024-07-12 10:03:48 Latest version is 1.6.5
2024-07-12 10:03:48 App is up to date.
2024-07-12 10:18:52 Loading main app package /usr/lib/obsidian/obsidian.asar
2024-07-12 10:18:52 Checking for update using Github
2024-07-12 10:47:00 Loading main app package /usr/lib/obsidian/obsidian.asar
2024-07-12 10:47:01 Checking for update using Github
2024-07-12 11:03:48 Checking for update using Github
2024-07-12 11:03:48 Success.
2024-07-12 11:03:48 Latest version is 1.6.5
2024-07-12 11:03:48 App is up to date.
2024-07-12 12:03:48 Checking for update using Github
2024-07-12 12:03:48 Success.
2024-07-12 12:03:48 Latest version is 1.6.5
2024-07-12 12:03:48 App is up to date.
2024-07-12 13:03:48 Checking for update using Github
2024-07-12 13:03:48 Success.
2024-07-12 13:03:48 Latest version is 1.6.5
2024-07-12 13:03:48 App is up to date.
2024-07-12 14:03:48 Checking for update using Github
2024-07-12 14:03:49 Success.
2024-07-12 14:03:49 Latest version is 1.6.5
2024-07-12 14:03:49 App is up to date.
2024-07-12 15:03:48 Checking for update using Github
2024-07-12 15:03:49 Success.
2024-07-12 15:03:49 Latest version is 1.6.5
2024-07-12 15:03:49 App is up to date.
2024-07-12 16:03:48 Checking for update using Github
2024-07-12 16:03:49 Success.
2024-07-12 16:03:49 Latest version is 1.6.5
2024-07-12 16:03:49 App is up to date.
2024-07-12 17:03:49 Checking for update using Github
2024-07-12 17:03:49 Success.
2024-07-12 17:03:49 Latest version is 1.6.5
2024-07-12 17:03:49 App is up to date.
2024-07-13 01:21:37 Loading main app package /usr/lib/obsidian/obsidian.asar
2024-07-13 01:21:37 Checking for update using Github
2024-07-13 01:21:38 Success.
2024-07-13 01:21:38 Latest version is 1.6.5
2024-07-13 01:21:38 App is up to date.
2024-07-13 01:48:38 Loading main app package /usr/lib/obsidian/obsidian.asar
2024-07-13 01:48:38 Checking for update using Github
2024-07-13 01:48:38 Success.
2024-07-13 01:48:38 Latest version is 1.6.5
2024-07-13 01:48:38 App is up to date.
2024-07-13 04:59:11 Loading main app package /usr/lib/obsidian/obsidian.asar
2024-07-13 04:59:11 Checking for update using Github
2024-07-13 04:59:12 Success.
2024-07-13 04:59:12 Latest version is 1.6.5
2024-07-13 04:59:12 App is up to date.
2024-07-13 05:59:11 Checking for update using Github
2024-07-13 05:59:11 Success.
2024-07-13 05:59:11 Latest version is 1.6.5
2024-07-13 05:59:11 App is up to date.
2024-07-13 06:49:32 Loading main app package /usr/lib/obsidian/obsidian.asar
2024-07-13 06:49:32 Checking for update using Github
2024-07-13 06:49:32 Success.
2024-07-13 06:49:32 Latest version is 1.6.5
2024-07-13 06:49:32 App is up to date.
2024-07-13 07:49:32 Checking for update using Github
2024-07-13 07:49:32 Success.
2024-07-13 07:49:32 Latest version is 1.6.5
2024-07-13 07:49:32 App is up to date.
2024-07-13 08:49:32 Checking for update using Github
2024-07-13 08:49:32 Success.
2024-07-13 08:49:32 Latest version is 1.6.5
2024-07-13 08:49:32 App is up to date.
2024-07-13 09:49:32 Checking for update using Github
2024-07-13 09:49:32 Success.
2024-07-13 09:49:32 Latest version is 1.6.5
2024-07-13 09:49:32 App is up to date.
2024-07-13 11:07:43 Loading main app package /usr/lib/obsidian/obsidian.asar
2024-07-13 11:07:43 Checking for update using Github
2024-07-13 11:07:48 Success.
2024-07-13 11:07:48 Latest version is 1.6.5
2024-07-13 11:07:48 App is up to date.
2024-07-13 12:07:43 Checking for update using Github
2024-07-13 12:07:43 Success.
2024-07-13 12:07:43 Latest version is 1.6.5
2024-07-13 12:07:43 App is up to date.
2024-07-13 14:04:21 Checking for update using Github
2024-07-13 14:04:21 Success.
2024-07-13 14:04:21 Latest version is 1.6.5
2024-07-13 14:04:21 App is up to date.
2024-07-13 15:04:21 Checking for update using Github
2024-07-13 15:04:22 Success.
2024-07-13 15:04:22 Latest version is 1.6.5
2024-07-13 15:04:22 App is up to date.
2024-07-13 16:04:21 Checking for update using Github
2024-07-13 16:04:22 Success.
2024-07-13 16:04:22 Latest version is 1.6.5
2024-07-13 16:04:22 App is up to date.
2024-07-13 17:04:21 Checking for update using Github
2024-07-13 17:04:22 Success.
2024-07-13 17:04:22 Latest version is 1.6.5
2024-07-13 17:04:22 App is up to date.
2024-07-14 02:05:17 Checking for update using Github
2024-07-14 02:05:18 Success.
2024-07-14 02:05:18 Latest version is 1.6.5
2024-07-14 02:05:18 App is up to date.
2024-07-14 03:05:17 Checking for update using Github
2024-07-14 03:05:18 Success.
2024-07-14 03:05:18 Latest version is 1.6.5
2024-07-14 03:05:18 App is up to date.
2024-07-14 04:17:20 Loading main app package /usr/lib/obsidian/obsidian.asar
2024-07-14 04:17:20 Checking for update using Github
2024-07-14 04:17:21 Success.
2024-07-14 04:17:21 Latest version is 1.6.5
2024-07-14 04:17:21 App is up to date.
2024-07-14 05:17:20 Checking for update using Github
2024-07-14 05:17:20 Success.
2024-07-14 05:17:20 Latest version is 1.6.5
2024-07-14 05:17:20 App is up to date.
2024-07-14 06:17:20 Checking for update using Github
2024-07-14 06:17:20 Success.
2024-07-14 06:17:20 Latest version is 1.6.5
2024-07-14 06:17:20 App is up to date.
2024-07-14 07:17:20 Checking for update using Github
2024-07-14 07:17:20 Success.
2024-07-14 07:17:20 Latest version is 1.6.5
2024-07-14 07:17:20 App is up to date.
2024-07-14 08:17:20 Checking for update using Github
2024-07-14 08:17:20 Success.
2024-07-14 08:17:20 Latest version is 1.6.5
2024-07-14 08:17:20 App is up to date.
2024-07-16 12:46:11 Loading main app package /usr/lib/obsidian/obsidian.asar
2024-07-16 12:46:13 Checking for update using Github
2024-07-16 12:46:13 Success.
2024-07-16 12:46:13 Latest version is 1.6.5
2024-07-16 12:46:13 App is up to date.
2024-07-16 13:46:11 Checking for update using Github
2024-07-16 13:46:12 Success.
2024-07-16 13:46:12 Latest version is 1.6.5
2024-07-16 13:46:12 App is up to date.
2024-07-16 14:46:12 Checking for update using Github
2024-07-16 14:46:12 Success.
2024-07-16 14:46:12 Latest version is 1.6.5
2024-07-16 14:46:12 App is up to date.
2024-07-17 08:41:23 Loading main app package /usr/lib/obsidian/obsidian.asar
2024-07-17 08:41:24 Checking for update using Github
2024-07-17 08:41:24 Success.
2024-07-17 08:41:24 Latest version is 1.6.5
2024-07-17 08:41:24 App is up to date.
2024-07-19 09:35:39 Loading main app package /usr/lib/obsidian/obsidian.asar
2024-07-19 09:35:40 Checking for update using Github
2024-07-19 09:35:41 Success.
2024-07-19 09:35:41 Latest version is 1.6.7
2024-07-19 09:35:41 App is up to date.
2024-07-19 10:20:27 Loading main app package /usr/lib/obsidian/obsidian.asar
2024-07-19 10:20:27 Checking for update using Github
2024-07-19 10:20:28 Success.
2024-07-19 10:20:28 Latest version is 1.6.7
2024-07-19 10:20:28 App is up to date.
2024-07-19 11:12:35 Loading main app package /usr/lib/obsidian/obsidian.asar
2024-07-19 11:12:36 Checking for update using Github
2024-07-19 11:12:36 Success.
2024-07-19 11:12:36 Latest version is 1.6.7
2024-07-19 11:12:36 App is up to date.
